<?xml version="1.0" encoding="UTF-8"?>
<!-- Generated by org.testng.reporters.JUnitReportReporter -->
<testsuite hostname="DESKTOP-P3LEQQ2" failures="0" tests="2" name="testCases.TC002_LoginToAccountTest" time="4.977" errors="0" timestamp="2024-12-13T02:44:03 IST" skipped="0">
  <testcase classname="testCases.TC002_LoginToAccountTest" name="verify_Login" time="2.145"/>
  <testcase classname="testCases.TC002_LoginToAccountTest" name="verify_Login" time="2.832"/>
</testsuite> <!-- testCases.TC002_LoginToAccountTest -->
