<?xml version="1.0" encoding="UTF-8"?>
<!-- Generated by org.testng.reporters.JUnitReportReporter -->
<testsuite hostname="DESKTOP-P3LEQQ2" failures="0" tests="1" name="testCases.TC002_LoginToAccountTest" time="2.594" errors="0" timestamp="2024-12-15T01:47:55 IST" skipped="0">
  <testcase classname="testCases.TC002_LoginToAccountTest" name="verify_Login" time="2.594"/>
</testsuite> <!-- testCases.TC002_LoginToAccountTest -->
