<?xml version="1.0" encoding="UTF-8"?>
<!-- Generated by org.testng.reporters.JUnitReportReporter -->
<testsuite hostname="DESKTOP-P3LEQQ2" failures="0" tests="1" name="testCases.TC004_HomePageTitleAndUrlTest" time="0.031" errors="0" timestamp="2024-12-15T01:47:55 IST" skipped="0">
  <testcase classname="testCases.TC004_HomePageTitleAndUrlTest" name="verifyHomepageTitleAndUrl" time="0.031"/>
</testsuite> <!-- testCases.TC004_HomePageTitleAndUrlTest -->
