<?xml version="1.0" encoding="UTF-8"?>
<!-- Generated by org.testng.reporters.JUnitReportReporter -->
<testsuite hostname="DESKTOP-P3LEQQ2" failures="0" tests="2" name="testCases.TC001_AccountRegistrationTest" time="8.498" errors="0" timestamp="2024-12-13T02:44:03 IST" skipped="0">
  <testcase classname="testCases.TC001_AccountRegistrationTest" name="verify_AccountRegistration" time="5.218"/>
  <testcase classname="testCases.TC001_AccountRegistrationTest" name="verify_AccountRegistration" time="3.280"/>
</testsuite> <!-- testCases.TC001_AccountRegistrationTest -->
