<?xml version="1.0" encoding="UTF-8"?>
<!-- Generated by org.testng.reporters.JUnitReportReporter -->
<testsuite hostname="DESKTOP-P3LEQQ2" failures="0" tests="1" name="testCases.TC001_AccountRegistrationTest" time="5.195" errors="0" timestamp="2024-12-15T01:47:55 IST" skipped="0">
  <testcase classname="testCases.TC001_AccountRegistrationTest" name="verify_AccountRegistration" time="5.195"/>
</testsuite> <!-- testCases.TC001_AccountRegistrationTest -->
