<?xml version="1.0" encoding="UTF-8"?>
<!-- Generated by org.testng.reporters.JUnitReportReporter -->
<testsuite hostname="DESKTOP-P3LEQQ2" failures="0" tests="1" name="testCases.TC001_AccountRegistrationTest" time="5.227" errors="0" timestamp="2024-12-14T22:35:27 IST" skipped="0">
  <testcase classname="testCases.TC001_AccountRegistrationTest" name="verify_AccountRegistration" time="5.227"/>
</testsuite> <!-- testCases.TC001_AccountRegistrationTest -->
