<?xml version="1.0" encoding="UTF-8"?>
<!-- Generated by org.testng.reporters.JUnitReportReporter -->
<testsuite hostname="DESKTOP-P3LEQQ2" failures="0" tests="1" name="testCases.TC002_LoginToAccountTest" time="2.809" errors="0" timestamp="2024-12-14T22:35:27 IST" skipped="0">
  <testcase classname="testCases.TC002_LoginToAccountTest" name="verify_Login" time="2.809"/>
</testsuite> <!-- testCases.TC002_LoginToAccountTest -->
